app/build/intermediates/manifest_merge_blame_file/debug/manifest-merger-blame-debug-report.txt
1<?xml version="1.0" encoding="utf-8"?>
2<manifest xmlns:android="http://schemas.android.com/apk/res/android"
3    package="com.seafile.seatable"
4    android:versionCode="1"
5    android:versionName="1.0" >
6
7    <uses-sdk
8        android:minSdkVersion="21"
8-->src/main/AndroidManifest.xml
9        android:targetSdkVersion="28" />
9-->src/main/AndroidManifest.xml
10
11    <application
11-->src/main/AndroidManifest.xml:4:5-46:19
12        android:allowBackup="true"
12-->src/main/AndroidManifest.xml:5:9-35
13        android:appComponentFactory="androidx.core.app.CoreComponentFactory"
13-->[androidx.core:core:1.1.0] AndroidManifest.xml:24:18-86
14        android:debuggable="true"
15        android:icon="@mipmap/ic_launcher"
15-->src/main/AndroidManifest.xml:6:9-43
16        android:label="@string/app_name"
16-->src/main/AndroidManifest.xml:7:9-41
17        android:roundIcon="@mipmap/ic_launcher_round"
17-->src/main/AndroidManifest.xml:8:9-54
18        android:supportsRtl="true"
18-->src/main/AndroidManifest.xml:9:9-35
19        android:testOnly="true"
20        android:theme="@style/AppTheme" >
20-->src/main/AndroidManifest.xml:10:9-40
21        <meta-data
21-->src/main/AndroidManifest.xml:12:9-14:59
22            android:name="asset_statements"
22-->src/main/AndroidManifest.xml:13:13-44
23            android:resource="@string/asset_statements" />
23-->src/main/AndroidManifest.xml:14:13-56
24
25        <activity android:name="android.support.customtabs.trusted.LauncherActivity" >
25-->src/main/AndroidManifest.xml:16:9-44:20
25-->src/main/AndroidManifest.xml:17:13-79
26
27            <!-- Edit android:value to change the url opened by the TWA -->
28            <meta-data
28-->src/main/AndroidManifest.xml:20:13-22:61
29                android:name="android.support.customtabs.trusted.DEFAULT_URL"
29-->src/main/AndroidManifest.xml:21:17-78
30                android:value="https://cloud.seatable.cn" />
30-->src/main/AndroidManifest.xml:22:17-58
31
32            <!-- This intent-filter adds the TWA to the Android Launcher -->
33            <intent-filter>
33-->src/main/AndroidManifest.xml:25:13-28:29
34                <action android:name="android.intent.action.MAIN" />
34-->src/main/AndroidManifest.xml:26:17-69
34-->src/main/AndroidManifest.xml:26:25-66
35
36                <category android:name="android.intent.category.LAUNCHER" />
36-->src/main/AndroidManifest.xml:27:17-77
36-->src/main/AndroidManifest.xml:27:27-74
37            </intent-filter>
38
39            <!--
40              This intent-filter allows the TWA to handle Intents to open
41              airhorner.com.
42            -->
43            <intent-filter android:autoVerify="true" >
43-->src/main/AndroidManifest.xml:34:13-43:29
43-->src/main/AndroidManifest.xml:34:28-53
44                <action android:name="android.intent.action.VIEW" />
44-->src/main/AndroidManifest.xml:35:17-68
44-->src/main/AndroidManifest.xml:35:25-66
45
46                <category android:name="android.intent.category.DEFAULT" />
46-->src/main/AndroidManifest.xml:36:17-76
46-->src/main/AndroidManifest.xml:36:27-73
47                <category android:name="android.intent.category.BROWSABLE" />
47-->src/main/AndroidManifest.xml:37:17-77
47-->src/main/AndroidManifest.xml:37:27-75
48
49                <!-- Edit android:host to handle links to the target URL -->
50                <data
50-->src/main/AndroidManifest.xml:40:17-42:55
51                    android:host="cloud.seatable.cn"
51-->src/main/AndroidManifest.xml:42:21-53
52                    android:scheme="https" />
52-->src/main/AndroidManifest.xml:41:21-43
53            </intent-filter>
54        </activity>
55    </application>
56
57</manifest>